log for brif
2025-01-21 17:19:07,384 - __main__ - INFO - попытка смены сервисного пароля: "11111111q" на новый...
2025-01-21 17:19:07,603 - __main__ - INFO - новый сервсиный пароль установлен: aezakmi
2025-01-21 17:25:24,090 - __main__ - ERROR - Ошибка рассылки спама - unsupported operand type(s) for /: 'int' and 'str'
2025-01-21 17:33:31,260 - __main__ - INFO - Скрипт запущен
2025-01-21 17:57:45,672 - __main__ - INFO - Скрипт запущен
2025-01-21 18:06:04,408 - __main__ - INFO - Скрипт запущен
2025-01-21 20:55:10,916 - __main__ - INFO - Скрипт запущен
2025-01-21 20:55:31,510 - __main__ - ERROR - Ошибка скачивания данных - 'in <string>' requires string as left operand, not int
2025-01-21 20:57:18,015 - __main__ - INFO - Скрипт запущен
2025-01-21 20:57:29,909 - __main__ - INFO - config скачен пользователем 7080566621
2025-01-21 21:01:24,021 - __main__ - INFO - Скрипт запущен
2025-01-21 21:09:01,428 - __main__ - INFO - Скрипт запущен
2025-01-21 21:09:26,492 - __main__ - ERROR - Ошибка скачивания данных - user_admin() missing 1 required positional argument: 'chat_id'
2025-01-21 21:10:14,589 - __main__ - INFO - Скрипт запущен
2025-01-21 21:14:58,812 - __main__ - INFO - config скачен пользователем 7080566621
2025-01-21 21:53:21,543 - __main__ - INFO - Скрипт запущен
2025-01-21 21:55:20,893 - __main__ - INFO - config скачен пользователем 7080566621
2025-01-21 21:59:06,641 - __main__ - INFO - Скрипт запущен
2025-01-21 21:59:10,760 - __main__ - INFO - config_brif.ini
2025-01-21 22:03:13,895 - __main__ - INFO - Скрипт запущен
2025-01-21 22:03:18,367 - __main__ - INFO - ok
2025-01-21 22:03:18,774 - __main__ - INFO - config_brif.ini заменён пользователем 7080566621
2025-01-21 22:03:23,733 - __main__ - INFO - ok
2025-01-21 22:07:48,300 - __main__ - INFO - Скрипт запущен
2025-01-21 22:11:29,552 - __main__ - INFO - Скрипт запущен
2025-01-21 22:19:48,894 - __main__ - INFO - Скрипт запущен
2025-01-21 22:29:44,646 - __main__ - INFO - Скрипт запущен
2025-01-21 22:31:39,936 - __main__ - INFO - config скачен пользователем 7080566621
2025-01-21 22:32:29,935 - __main__ - INFO - ok
2025-01-21 22:32:30,226 - __main__ - INFO - config_brif.ini заменён пользователем 7080566621
2025-01-21 22:41:25,773 - __main__ - INFO - Скрипт запущен
2025-01-22 17:55:09,902 - __main__ - INFO - Скрипт запущен
2025-01-22 22:09:29,897 - __main__ - INFO - Скрипт запущен
2025-01-22 22:09:47,952 - __main__ - ERROR - Ошибка обработчика данных из веб-апп - 'brif_limit'
2025-01-22 22:11:21,257 - __main__ - INFO - Скрипт запущен
2025-01-22 22:11:54,902 - __main__ - ERROR - Ошибка обработчика данных из веб-апп - 'brif_limit'
2025-01-22 22:12:00,372 - __main__ - ERROR - Ошибка обработчика данных из веб-апп - 'brif_limit'
2025-01-22 22:16:55,916 - __main__ - INFO - Скрипт запущен
2025-01-22 22:17:15,329 - __main__ - INFO - 3
2025-01-22 22:17:15,566 - __main__ - ERROR - Ошибка обработчика данных из веб-апп - 'brif_limit'



2025-01-22 22:18:18,047 - __main__ - INFO - Скрипт запущен
2025-01-22 22:18:21,099 - __main__ - ERROR - Ошибка обработчика данных из веб-апп - '<' not supported between instances of 'int' and 'str'
2025-01-22 22:19:18,078 - __main__ - INFO - Скрипт запущен
2025-01-22 22:22:36,958 - __main__ - INFO - Скрипт запущен
2025-01-22 22:28:27,835 - __main__ - INFO - Скрипт запущен
2025-01-26 22:53:45,048 - __main__ - INFO - Скрипт запущен
